<?xml version="1.0" encoding="UTF-8"?>
<testsuite xmlns:xsi="http://www.w3.org/2001/XMLSchema-instance" xsi:noNamespaceSchemaLocation="https://maven.apache.org/surefire/maven-surefire-plugin/xsd/surefire-test-report.xsd" name="com.password_generator.AppTest" time="0.039" tests="11" errors="0" skipped="0" failures="0">
  <properties>
[...]
</properties>
  <testcase name="test_min_length" classname="com.password_generator.AppTest" time="0.006"/>
  <testcase name="shouldAnswerWithTrue" classname="com.password_generator.AppTest" time="0"/>
  <testcase name="test_no_consecutive_password_duplication" classname="com.password_generator.AppTest" time="0"/>
  <testcase name="test_length" classname="com.password_generator.AppTest" time="0.001"/>
  <testcase name="test_max_length" classname="com.password_generator.AppTest" time="0"/>
  <testcase name="test_has_lowercase" classname="com.password_generator.AppTest" time="0"/>
  <testcase name="test_no_consecutive_characters" classname="com.password_generator.AppTest" time="0"/>
  <testcase name="test_has_number" classname="com.password_generator.AppTest" time="0.001"/>
  <testcase name="test_has_symbol" classname="com.password_generator.AppTest" time="0"/>
  <testcase name="test_character_uniqueness" classname="com.password_generator.AppTest" time="0.001"/>
  <testcase name="test_has_capital" classname="com.password_generator.AppTest" time="0"/>
</testsuite>